<?xml version="1.0" encoding="UTF-8"?>
<!-- Generated by org.testng.reporters.JUnitXMLReporter -->
<testsuite ignored="0" hostname="Sai" failures="0" tests="5" name="Test" time="30.747" errors="0" timestamp="2025-04-30T18:13:10 IST">
  <testcase classname="testCases.TC_003_LoginDDT" name="verifiyLogin" time="11.072"/>
  <testcase classname="testCases.TC_003_LoginDDT" name="verifiyLogin" time="1.604"/>
  <testcase classname="testCases.TC_003_LoginDDT" name="verifiyLogin" time="1.809"/>
  <testcase classname="testCases.TC_003_LoginDDT" name="verifiyLogin" time="10.75"/>
  <testcase classname="testCases.TC_003_LoginDDT" name="verifiyLogin" time="1.682"/>
</testsuite> <!-- Test -->
