<?xml version="1.0" encoding="UTF-8"?>
<testng-results ignored="1" total="2" passed="1" failed="0" skipped="0">
  <reporter-output>
  </reporter-output>
  <suite started-at="2025-04-30T18:18:29 IST" name="Grouping Suite" finished-at="2025-04-30T18:18:33 IST" duration-ms="3893">
    <groups>
      <group name="Master">
        <method signature="TC_002_LoginTest.verifiyLogin()[pri:0, instance:testCases.TC_002_LoginTest@24269709]" name="verifiyLogin" class="testCases.TC_002_LoginTest"/>
      </group> <!-- Master -->
      <group name="Sanity">
        <method signature="TC_002_LoginTest.verifiyLogin()[pri:0, instance:testCases.TC_002_LoginTest@24269709]" name="verifiyLogin" class="testCases.TC_002_LoginTest"/>
      </group> <!-- Sanity -->
    </groups>
    <test started-at="2025-04-30T18:18:29 IST" name="Test" finished-at="2025-04-30T18:18:33 IST" duration-ms="3893">
      <class name="testCases.TC_002_LoginTest">
        <test-method is-config="true" signature="setup(java.lang.String)[pri:0, instance:testCases.TC_002_LoginTest@24269709]" started-at="2025-04-30T18:18:29 IST" name="setup" finished-at="2025-04-30T18:18:31 IST" duration-ms="2359" status="PASS">
          <params>
            <param index="0">
              <value>
                <![CDATA[chrome]]>
              </value>
            </param>
          </params>
          <reporter-output>
          </reporter-output>
        </test-method> <!-- setup -->
        <test-method signature="verifiyLogin()[pri:0, instance:testCases.TC_002_LoginTest@24269709]" started-at="2025-04-30T18:18:31 IST" name="verifiyLogin" finished-at="2025-04-30T18:18:32 IST" duration-ms="1114" status="PASS">
          <reporter-output>
          </reporter-output>
        </test-method> <!-- verifiyLogin -->
        <test-method is-config="true" signature="tearDown()[pri:0, instance:testCases.TC_002_LoginTest@24269709]" started-at="2025-04-30T18:18:32 IST" name="tearDown" finished-at="2025-04-30T18:18:33 IST" duration-ms="180" status="PASS">
          <reporter-output>
          </reporter-output>
        </test-method> <!-- tearDown -->
      </class> <!-- testCases.TC_002_LoginTest -->
    </test> <!-- Test -->
  </suite> <!-- Grouping Suite -->
</testng-results>
