<?xml version="1.0" encoding="UTF-8"?>
<!-- Generated by org.testng.reporters.JUnitReportReporter -->
<testsuite hostname="Sai" failures="0" tests="5" name="testCases.TC_003_LoginDDT" time="26.917" errors="0" timestamp="2025-04-30T18:13:10 IST" skipped="0">
  <testcase classname="testCases.TC_003_LoginDDT" name="verifiyLogin" time="10.750"/>
  <testcase classname="testCases.TC_003_LoginDDT" name="verifiyLogin" time="1.604"/>
  <testcase classname="testCases.TC_003_LoginDDT" name="verifiyLogin" time="1.809"/>
  <testcase classname="testCases.TC_003_LoginDDT" name="verifiyLogin" time="1.682"/>
  <testcase classname="testCases.TC_003_LoginDDT" name="verifiyLogin" time="11.072"/>
</testsuite> <!-- testCases.TC_003_LoginDDT -->
